<?xml version="1.0" encoding="UTF-8"?>
<!-- Generated by org.testng.reporters.JUnitReportReporter -->
<testsuite hostname="SKIPPER-WIN7-2" name="test.github.richardwilly98.services.DocumentProviderTest" tests="1" failures="0" timestamp="19 Apr 2013 21:40:25 GMT" time="1.131" errors="0">
  <testcase name="testCreateDocument" time="1.131" classname="test.github.richardwilly98.services.DocumentProviderTest"/>
</testsuite> <!-- test.github.richardwilly98.services.DocumentProviderTest -->
